Arguments: 
  C:\Program Files\nodejs\node.exe C:\Program Files (x86)\Yarn\bin\yarn.js

PATH: 
  C:\Users\J\bin;C:\Program Files\Git\mingw64\bin;C:\Program Files\Git\usr\local\bin;C:\Program Files\Git\usr\bin;C:\Program Files\Git\usr\bin;C:\Program Files\Git\mingw64\bin;C:\Program Files\Git\usr\bin;C:\Users\J\bin;C:\ProgramData\Anaconda3;C:\ProgramData\Anaconda3\Library\mingw-w64\bin;C:\ProgramData\Anaconda3\Library\usr\bin;C:\ProgramData\Anaconda3\Library\bin;C:\ProgramData\Anaconda3\Scripts;C:\Program Files (x86)\Common Files\Oracle\Java\javapath;C:\WINDOWS\system32;C:\WINDOWS;C:\WINDOWS\System32\Wbem;C:\WINDOWS\System32\WindowsPowerShell\v1.0;C:\WINDOWS\System32\OpenSSH;C:\Program Files\Microsoft VS Code\bin;C:\Program Files\Git\cmd;C:\Users\J\AppData\Roaming\nvm;C:\Program Files\nodejs;C:\Program Files (x86)\Yarn\bin;C:\Program Files\dotnet;C:\Program Files (x86)\Calibre2;C:\Program Files\Pandoc;C:\Users\J\AppData\Local\Microsoft\WindowsApps;C:\Program Files\Microsoft VS Code\bin;C:\Users\J\AppData\Roaming\nvm;C:\Program Files\nodejs;C:\Users\J\AppData\Local\Yarn\bin;C:\Users\J\.dotnet\tools;C:\Program Files\Git\usr\bin\vendor_perl;C:\Program Files\Git\usr\bin\core_perl

Yarn version: 
  1.22.15

Node version: 
  14.18.0

Platform: 
  win32 x64

Trace: 
  Error: https://registry.yarnpkg.com/date-fns/-/date-fns-2.29.1.tgz: ESOCKETTIMEDOUT
      at ClientRequest.<anonymous> (C:\Program Files (x86)\Yarn\lib\cli.js:141512:19)
      at Object.onceWrapper (events.js:519:28)
      at ClientRequest.emit (events.js:400:28)
      at TLSSocket.emitRequestTimeout (_http_client.js:790:9)
      at Object.onceWrapper (events.js:519:28)
      at TLSSocket.emit (events.js:412:35)
      at TLSSocket.Socket._onTimeout (net.js:495:8)
      at listOnTimeout (internal/timers.js:557:17)
      at processTimers (internal/timers.js:500:7)

npm manifest: 
  {
    "name": "landing-front",
    "version": "1.0.0",
    "description": "",
    "main": "index.js",
    "scripts": {
      "dev": "next -p 3060",
      "build": "cross-env NODE_ENV=production ANALYZE=true next build",
      "start": "cross-env NODE_ENV=production next start -p 80"
    },
    "author": "grahams",
    "license": "ISC",
    "dependencies": {
      "@ant-design/icons": "^4.7.0",
      "@emotion/babel-plugin": "^11.9.2",
      "@emotion/babel-preset-css-prop": "^11.2.0",
      "@emotion/core": "^11.0.0",
      "@emotion/react": "^11.9.3",
      "@emotion/styled": "^11.9.3",
      "@next/bundle-analyzer": "^12.2.3",
      "@reduxjs/toolkit": "^1.8.3",
      "antd": "^4.18.2",
      "axios": "^0.27.2",
      "cross-env": "^7.0.3",
      "immer": "^9.0.14",
      "next": "^12.1.6",
      "next-redux-wrapper": "^7.0.5",
      "pm2": "^5.2.0",
      "react": "^17.0.1",
      "react-dom": "^17.0.1",
      "react-hook-form": "^7.33.1",
      "react-redux": "^8.0.2",
      "react-responsive": "^9.0.0-beta.10",
      "redux": "^4.2.0",
      "redux-saga": "^1.1.3",
      "swiper": "^8.2.5"
    },
    "devDependencies": {
      "babel-eslint": "^10.1.0",
      "eslint": "^8.20.0",
      "eslint-config-airbnb": "^19.0.4",
      "eslint-plugin-import": "^2.26.0",
      "eslint-plugin-jsx-a11y": "^6.5.1",
      "eslint-plugin-react-hooks": "^4.6.0",
      "prop-types": "^15.8.1",
      "redux-devtools-extension": "^2.13.9",
      "redux-logger": "^3.0.6"
    }
  }

yarn manifest: 
  No manifest

Lockfile: 
  No lockfile
